{"/vagrant/vitrine/app.js":{"path":"/vagrant/vitrine/app.js","s":{"1":1,"2":1,"3":1,"4":1,"5":1,"6":1,"7":1,"8":1,"9":1,"10":1,"11":1,"12":1,"13":0,"14":1,"15":0,"16":0,"17":1,"18":0,"19":0,"20":0,"21":1},"b":{},"f":{"1":0,"2":0,"3":0},"fnMap":{"1":{"name":"(anonymous_1)","line":28,"loc":{"start":{"line":28,"column":8},"end":{"line":28,"column":44}}},"2":{"name":"(anonymous_2)","line":32,"loc":{"start":{"line":32,"column":8},"end":{"line":32,"column":48}}},"3":{"name":"(anonymous_3)","line":39,"loc":{"start":{"line":39,"column":30},"end":{"line":39,"column":42}}}},"statementMap":{"1":{"start":{"line":2,"column":0},"end":{"line":2,"column":33}},"2":{"start":{"line":3,"column":0},"end":{"line":3,"column":20}},"3":{"start":{"line":4,"column":0},"end":{"line":4,"column":48}},"4":{"start":{"line":5,"column":0},"end":{"line":5,"column":40}},"5":{"start":{"line":8,"column":0},"end":{"line":8,"column":41}},"6":{"start":{"line":9,"column":0},"end":{"line":9,"column":50}},"7":{"start":{"line":10,"column":0},"end":{"line":10,"column":45}},"8":{"start":{"line":11,"column":0},"end":{"line":11,"column":35}},"9":{"start":{"line":14,"column":0},"end":{"line":14,"column":27}},"10":{"start":{"line":16,"column":0},"end":{"line":16,"column":50}},"11":{"start":{"line":24,"column":0},"end":{"line":24,"column":39}},"12":{"start":{"line":28,"column":0},"end":{"line":30,"column":3}},"13":{"start":{"line":29,"column":2},"end":{"line":29,"column":26}},"14":{"start":{"line":32,"column":0},"end":{"line":35,"column":3}},"15":{"start":{"line":33,"column":2},"end":{"line":33,"column":19}},"16":{"start":{"line":34,"column":2},"end":{"line":34,"column":24}},"17":{"start":{"line":39,"column":0},"end":{"line":46,"column":3}},"18":{"start":{"line":41,"column":2},"end":{"line":41,"column":38}},"19":{"start":{"line":42,"column":2},"end":{"line":42,"column":35}},"20":{"start":{"line":44,"column":2},"end":{"line":44,"column":67}},"21":{"start":{"line":48,"column":0},"end":{"line":48,"column":21}}},"branchMap":{}},"/vagrant/vitrine/routes/index.js":{"path":"/vagrant/vitrine/routes/index.js","s":{"1":1,"2":1,"3":1,"4":1,"5":0,"6":1,"7":1},"b":{},"f":{"1":1,"2":0},"fnMap":{"1":{"name":"(anonymous_1)","line":1,"loc":{"start":{"line":1,"column":17},"end":{"line":1,"column":30}}},"2":{"name":"(anonymous_2)","line":6,"loc":{"start":{"line":6,"column":17},"end":{"line":6,"column":50}}}},"statementMap":{"1":{"start":{"line":1,"column":0},"end":{"line":14,"column":2}},"2":{"start":{"line":2,"column":1},"end":{"line":2,"column":34}},"3":{"start":{"line":3,"column":1},"end":{"line":3,"column":31}},"4":{"start":{"line":6,"column":1},"end":{"line":8,"column":4}},"5":{"start":{"line":7,"column":2},"end":{"line":7,"column":40}},"6":{"start":{"line":11,"column":1},"end":{"line":11,"column":45}},"7":{"start":{"line":13,"column":1},"end":{"line":13,"column":15}}},"branchMap":{}},"/vagrant/vitrine/routes/products.js":{"path":"/vagrant/vitrine/routes/products.js","s":{"1":1,"2":1,"3":1,"4":1,"5":1,"6":1,"7":1,"8":1,"9":1},"b":{},"f":{},"fnMap":{},"statementMap":{"1":{"start":{"line":1,"column":0},"end":{"line":1,"column":33}},"2":{"start":{"line":2,"column":0},"end":{"line":2,"column":30}},"3":{"start":{"line":3,"column":0},"end":{"line":3,"column":70}},"4":{"start":{"line":7,"column":0},"end":{"line":7,"column":47}},"5":{"start":{"line":8,"column":0},"end":{"line":8,"column":46}},"6":{"start":{"line":10,"column":0},"end":{"line":10,"column":50}},"7":{"start":{"line":11,"column":0},"end":{"line":11,"column":49}},"8":{"start":{"line":12,"column":0},"end":{"line":12,"column":51}},"9":{"start":{"line":14,"column":0},"end":{"line":14,"column":24}}},"branchMap":{}},"/vagrant/vitrine/controllers/ProductsController.js":{"path":"/vagrant/vitrine/controllers/ProductsController.js","s":{"1":1,"2":1,"3":1,"4":0,"5":0,"6":0,"7":0,"8":1,"9":0,"10":0,"11":0,"12":0,"13":0,"14":1,"15":0,"16":0,"17":0,"18":0,"19":0,"20":1,"21":1,"22":1,"23":1,"24":1,"25":0,"26":1,"27":1,"28":0,"29":0,"30":0,"31":0,"32":1},"b":{"1":[0,0],"2":[0,0],"3":[0,0],"4":[0,1],"5":[0,0]},"f":{"1":1,"2":0,"3":0,"4":0,"5":0,"6":0,"7":0,"8":1,"9":1,"10":0,"11":0},"fnMap":{"1":{"name":"ProductsController","line":4,"loc":{"start":{"line":4,"column":0},"end":{"line":4,"column":29}}},"2":{"name":"(anonymous_2)","line":8,"loc":{"start":{"line":8,"column":39},"end":{"line":8,"column":72}}},"3":{"name":"(anonymous_3)","line":11,"loc":{"start":{"line":11,"column":36},"end":{"line":11,"column":59}}},"4":{"name":"(anonymous_4)","line":21,"loc":{"start":{"line":21,"column":38},"end":{"line":21,"column":71}}},"5":{"name":"(anonymous_5)","line":26,"loc":{"start":{"line":26,"column":38},"end":{"line":26,"column":61}}},"6":{"name":"(anonymous_6)","line":36,"loc":{"start":{"line":36,"column":39},"end":{"line":36,"column":72}}},"7":{"name":"(anonymous_7)","line":42,"loc":{"start":{"line":42,"column":47},"end":{"line":42,"column":70}}},"8":{"name":"(anonymous_8)","line":52,"loc":{"start":{"line":52,"column":38},"end":{"line":52,"column":71}}},"9":{"name":"(anonymous_9)","line":56,"loc":{"start":{"line":56,"column":52},"end":{"line":56,"column":75}}},"10":{"name":"(anonymous_10)","line":66,"loc":{"start":{"line":66,"column":38},"end":{"line":66,"column":71}}},"11":{"name":"(anonymous_11)","line":68,"loc":{"start":{"line":68,"column":46},"end":{"line":68,"column":69}}}},"statementMap":{"1":{"start":{"line":1,"column":0},"end":{"line":1,"column":32}},"2":{"start":{"line":4,"column":0},"end":{"line":6,"column":1}},"3":{"start":{"line":8,"column":0},"end":{"line":19,"column":2}},"4":{"start":{"line":11,"column":1},"end":{"line":18,"column":4}},"5":{"start":{"line":13,"column":2},"end":{"line":15,"column":3}},"6":{"start":{"line":14,"column":3},"end":{"line":14,"column":31}},"7":{"start":{"line":17,"column":2},"end":{"line":17,"column":24}},"8":{"start":{"line":21,"column":0},"end":{"line":34,"column":2}},"9":{"start":{"line":23,"column":1},"end":{"line":23,"column":25}},"10":{"start":{"line":26,"column":1},"end":{"line":33,"column":4}},"11":{"start":{"line":28,"column":2},"end":{"line":30,"column":3}},"12":{"start":{"line":29,"column":3},"end":{"line":29,"column":31}},"13":{"start":{"line":32,"column":2},"end":{"line":32,"column":24}},"14":{"start":{"line":36,"column":0},"end":{"line":50,"column":2}},"15":{"start":{"line":39,"column":1},"end":{"line":39,"column":42}},"16":{"start":{"line":42,"column":1},"end":{"line":49,"column":4}},"17":{"start":{"line":44,"column":2},"end":{"line":46,"column":3}},"18":{"start":{"line":45,"column":3},"end":{"line":45,"column":31}},"19":{"start":{"line":48,"column":2},"end":{"line":48,"column":24}},"20":{"start":{"line":52,"column":0},"end":{"line":64,"column":2}},"21":{"start":{"line":54,"column":1},"end":{"line":54,"column":25}},"22":{"start":{"line":55,"column":1},"end":{"line":55,"column":29}},"23":{"start":{"line":56,"column":1},"end":{"line":63,"column":4}},"24":{"start":{"line":58,"column":2},"end":{"line":60,"column":3}},"25":{"start":{"line":59,"column":3},"end":{"line":59,"column":31}},"26":{"start":{"line":62,"column":2},"end":{"line":62,"column":24}},"27":{"start":{"line":66,"column":0},"end":{"line":76,"column":2}},"28":{"start":{"line":68,"column":1},"end":{"line":75,"column":4}},"29":{"start":{"line":70,"column":2},"end":{"line":72,"column":3}},"30":{"start":{"line":71,"column":3},"end":{"line":71,"column":31}},"31":{"start":{"line":74,"column":2},"end":{"line":74,"column":24}},"32":{"start":{"line":78,"column":0},"end":{"line":78,"column":42}}},"branchMap":{"1":{"line":13,"type":"if","locations":[{"start":{"line":13,"column":2},"end":{"line":13,"column":2}},{"start":{"line":13,"column":2},"end":{"line":13,"column":2}}]},"2":{"line":28,"type":"if","locations":[{"start":{"line":28,"column":2},"end":{"line":28,"column":2}},{"start":{"line":28,"column":2},"end":{"line":28,"column":2}}]},"3":{"line":44,"type":"if","locations":[{"start":{"line":44,"column":2},"end":{"line":44,"column":2}},{"start":{"line":44,"column":2},"end":{"line":44,"column":2}}]},"4":{"line":58,"type":"if","locations":[{"start":{"line":58,"column":2},"end":{"line":58,"column":2}},{"start":{"line":58,"column":2},"end":{"line":58,"column":2}}]},"5":{"line":70,"type":"if","locations":[{"start":{"line":70,"column":2},"end":{"line":70,"column":2}},{"start":{"line":70,"column":2},"end":{"line":70,"column":2}}]}}},"/vagrant/vitrine/db/mongo.js":{"path":"/vagrant/vitrine/db/mongo.js","s":{"1":1,"2":1,"3":1,"4":0,"5":1},"b":{},"f":{"1":0},"fnMap":{"1":{"name":"(anonymous_1)","line":6,"loc":{"start":{"line":6,"column":15},"end":{"line":6,"column":28}}}},"statementMap":{"1":{"start":{"line":2,"column":0},"end":{"line":2,"column":33}},"2":{"start":{"line":5,"column":0},"end":{"line":5,"column":38}},"3":{"start":{"line":6,"column":0},"end":{"line":8,"column":3}},"4":{"start":{"line":7,"column":1},"end":{"line":7,"column":18}},"5":{"start":{"line":11,"column":0},"end":{"line":11,"column":20}}},"branchMap":{}}}