{"/vagrant/vitrine/app.js":{"path":"/vagrant/vitrine/app.js","s":{"1":1,"2":1,"3":1,"4":1,"5":1,"6":1,"7":1,"8":1,"9":1,"10":1,"11":1,"12":1,"13":1,"14":1,"15":1,"16":1,"17":1,"18":1,"19":1,"20":0,"21":1,"22":0,"23":0,"24":1,"25":0,"26":0,"27":0,"28":1},"b":{"1":[1,0]},"f":{"1":0,"2":0,"3":0},"fnMap":{"1":{"name":"(anonymous_1)","line":35,"loc":{"start":{"line":35,"column":8},"end":{"line":35,"column":44}}},"2":{"name":"(anonymous_2)","line":39,"loc":{"start":{"line":39,"column":8},"end":{"line":39,"column":48}}},"3":{"name":"(anonymous_3)","line":46,"loc":{"start":{"line":46,"column":30},"end":{"line":46,"column":42}}}},"statementMap":{"1":{"start":{"line":2,"column":0},"end":{"line":2,"column":33}},"2":{"start":{"line":3,"column":0},"end":{"line":3,"column":20}},"3":{"start":{"line":4,"column":0},"end":{"line":4,"column":48}},"4":{"start":{"line":5,"column":0},"end":{"line":5,"column":40}},"5":{"start":{"line":6,"column":0},"end":{"line":6,"column":27}},"6":{"start":{"line":7,"column":0},"end":{"line":7,"column":27}},"7":{"start":{"line":10,"column":0},"end":{"line":10,"column":41}},"8":{"start":{"line":11,"column":0},"end":{"line":11,"column":50}},"9":{"start":{"line":12,"column":0},"end":{"line":12,"column":45}},"10":{"start":{"line":13,"column":0},"end":{"line":13,"column":35}},"11":{"start":{"line":16,"column":0},"end":{"line":16,"column":27}},"12":{"start":{"line":18,"column":0},"end":{"line":18,"column":50}},"13":{"start":{"line":21,"column":0},"end":{"line":21,"column":36}},"14":{"start":{"line":22,"column":0},"end":{"line":22,"column":48}},"15":{"start":{"line":23,"column":0},"end":{"line":23,"column":31}},"16":{"start":{"line":25,"column":0},"end":{"line":28,"column":1}},"17":{"start":{"line":27,"column":0},"end":{"line":27,"column":55}},"18":{"start":{"line":32,"column":0},"end":{"line":32,"column":39}},"19":{"start":{"line":35,"column":0},"end":{"line":37,"column":3}},"20":{"start":{"line":36,"column":2},"end":{"line":36,"column":25}},"21":{"start":{"line":39,"column":0},"end":{"line":42,"column":3}},"22":{"start":{"line":40,"column":2},"end":{"line":40,"column":19}},"23":{"start":{"line":41,"column":2},"end":{"line":41,"column":38}},"24":{"start":{"line":46,"column":0},"end":{"line":53,"column":3}},"25":{"start":{"line":48,"column":2},"end":{"line":48,"column":38}},"26":{"start":{"line":49,"column":2},"end":{"line":49,"column":35}},"27":{"start":{"line":51,"column":2},"end":{"line":51,"column":67}},"28":{"start":{"line":55,"column":0},"end":{"line":55,"column":21}}},"branchMap":{"1":{"line":25,"type":"if","locations":[{"start":{"line":25,"column":0},"end":{"line":25,"column":0}},{"start":{"line":25,"column":0},"end":{"line":25,"column":0}}]}}},"/vagrant/vitrine/routes/index.js":{"path":"/vagrant/vitrine/routes/index.js","s":{"1":1,"2":1,"3":1,"4":1,"5":0,"6":1,"7":1},"b":{},"f":{"1":1,"2":0},"fnMap":{"1":{"name":"(anonymous_1)","line":1,"loc":{"start":{"line":1,"column":17},"end":{"line":1,"column":30}}},"2":{"name":"(anonymous_2)","line":6,"loc":{"start":{"line":6,"column":17},"end":{"line":6,"column":50}}}},"statementMap":{"1":{"start":{"line":1,"column":0},"end":{"line":20,"column":2}},"2":{"start":{"line":2,"column":1},"end":{"line":2,"column":34}},"3":{"start":{"line":3,"column":1},"end":{"line":3,"column":31}},"4":{"start":{"line":6,"column":1},"end":{"line":14,"column":4}},"5":{"start":{"line":7,"column":2},"end":{"line":13,"column":5}},"6":{"start":{"line":17,"column":1},"end":{"line":17,"column":45}},"7":{"start":{"line":19,"column":1},"end":{"line":19,"column":15}}},"branchMap":{}},"/vagrant/vitrine/routes/products.js":{"path":"/vagrant/vitrine/routes/products.js","s":{"1":1,"2":1,"3":1,"4":1,"5":1,"6":1,"7":1,"8":1,"9":1},"b":{},"f":{},"fnMap":{},"statementMap":{"1":{"start":{"line":1,"column":0},"end":{"line":1,"column":33}},"2":{"start":{"line":2,"column":0},"end":{"line":2,"column":30}},"3":{"start":{"line":3,"column":0},"end":{"line":3,"column":70}},"4":{"start":{"line":7,"column":0},"end":{"line":7,"column":47}},"5":{"start":{"line":8,"column":0},"end":{"line":8,"column":46}},"6":{"start":{"line":10,"column":0},"end":{"line":10,"column":50}},"7":{"start":{"line":11,"column":0},"end":{"line":11,"column":49}},"8":{"start":{"line":12,"column":0},"end":{"line":12,"column":51}},"9":{"start":{"line":14,"column":0},"end":{"line":14,"column":24}}},"branchMap":{}},"/vagrant/vitrine/controllers/ProductsController.js":{"path":"/vagrant/vitrine/controllers/ProductsController.js","s":{"1":1,"2":1,"3":1,"4":1,"5":1,"6":1,"7":1,"8":1,"9":1,"10":1,"11":1,"12":1,"13":1,"14":1,"15":1,"16":1,"17":1,"18":1,"19":1,"20":1,"21":1,"22":1,"23":1,"24":1,"25":0,"26":1},"b":{},"f":{"1":1,"2":1,"3":1,"4":1,"5":1,"6":1,"7":1,"8":1,"9":1,"10":1,"11":0},"fnMap":{"1":{"name":"ProductsController","line":9,"loc":{"start":{"line":9,"column":0},"end":{"line":9,"column":29}}},"2":{"name":"(anonymous_2)","line":14,"loc":{"start":{"line":14,"column":39},"end":{"line":14,"column":72}}},"3":{"name":"(anonymous_3)","line":17,"loc":{"start":{"line":17,"column":26},"end":{"line":17,"column":42}}},"4":{"name":"(anonymous_4)","line":23,"loc":{"start":{"line":23,"column":38},"end":{"line":23,"column":71}}},"5":{"name":"(anonymous_5)","line":28,"loc":{"start":{"line":28,"column":30},"end":{"line":28,"column":46}}},"6":{"name":"(anonymous_6)","line":34,"loc":{"start":{"line":34,"column":39},"end":{"line":34,"column":72}}},"7":{"name":"(anonymous_7)","line":40,"loc":{"start":{"line":40,"column":30},"end":{"line":40,"column":46}}},"8":{"name":"(anonymous_8)","line":46,"loc":{"start":{"line":46,"column":38},"end":{"line":46,"column":71}}},"9":{"name":"(anonymous_9)","line":51,"loc":{"start":{"line":51,"column":35},"end":{"line":51,"column":51}}},"10":{"name":"(anonymous_10)","line":57,"loc":{"start":{"line":57,"column":38},"end":{"line":57,"column":71}}},"11":{"name":"(anonymous_11)","line":61,"loc":{"start":{"line":61,"column":29},"end":{"line":61,"column":45}}}},"statementMap":{"1":{"start":{"line":2,"column":0},"end":{"line":2,"column":47}},"2":{"start":{"line":4,"column":0},"end":{"line":4,"column":51}},"3":{"start":{"line":6,"column":0},"end":{"line":6,"column":34}},"4":{"start":{"line":9,"column":0},"end":{"line":12,"column":1}},"5":{"start":{"line":11,"column":1},"end":{"line":11,"column":37}},"6":{"start":{"line":14,"column":0},"end":{"line":21,"column":2}},"7":{"start":{"line":17,"column":1},"end":{"line":20,"column":14}},"8":{"start":{"line":18,"column":2},"end":{"line":18,"column":24}},"9":{"start":{"line":23,"column":0},"end":{"line":32,"column":2}},"10":{"start":{"line":25,"column":1},"end":{"line":25,"column":25}},"11":{"start":{"line":28,"column":1},"end":{"line":31,"column":14}},"12":{"start":{"line":29,"column":2},"end":{"line":29,"column":24}},"13":{"start":{"line":34,"column":0},"end":{"line":44,"column":2}},"14":{"start":{"line":37,"column":1},"end":{"line":37,"column":29}},"15":{"start":{"line":40,"column":1},"end":{"line":43,"column":14}},"16":{"start":{"line":41,"column":2},"end":{"line":41,"column":24}},"17":{"start":{"line":46,"column":0},"end":{"line":55,"column":2}},"18":{"start":{"line":48,"column":1},"end":{"line":48,"column":25}},"19":{"start":{"line":49,"column":1},"end":{"line":49,"column":30}},"20":{"start":{"line":51,"column":1},"end":{"line":54,"column":14}},"21":{"start":{"line":52,"column":2},"end":{"line":52,"column":24}},"22":{"start":{"line":57,"column":0},"end":{"line":65,"column":2}},"23":{"start":{"line":59,"column":1},"end":{"line":59,"column":30}},"24":{"start":{"line":61,"column":1},"end":{"line":64,"column":14}},"25":{"start":{"line":62,"column":2},"end":{"line":62,"column":24}},"26":{"start":{"line":67,"column":0},"end":{"line":67,"column":42}}},"branchMap":{}},"/vagrant/vitrine/models/ProductsModel.js":{"path":"/vagrant/vitrine/models/ProductsModel.js","s":{"1":1,"2":1,"3":1,"4":1,"5":1,"6":1,"7":1,"8":1,"9":1,"10":1,"11":1,"12":1,"13":1,"14":1,"15":1,"16":1,"17":1,"18":1,"19":1},"b":{},"f":{"1":1,"2":1,"3":1,"4":1,"5":1,"6":1,"7":1},"fnMap":{"1":{"name":"ProductsModel","line":10,"loc":{"start":{"line":10,"column":0},"end":{"line":10,"column":24}}},"2":{"name":"(anonymous_2)","line":15,"loc":{"start":{"line":15,"column":31},"end":{"line":15,"column":56}}},"3":{"name":"(anonymous_3)","line":20,"loc":{"start":{"line":20,"column":33},"end":{"line":20,"column":57}}},"4":{"name":"(anonymous_4)","line":22,"loc":{"start":{"line":22,"column":34},"end":{"line":22,"column":62}}},"5":{"name":"(anonymous_5)","line":27,"loc":{"start":{"line":27,"column":34},"end":{"line":27,"column":56}}},"6":{"name":"(anonymous_6)","line":35,"loc":{"start":{"line":35,"column":33},"end":{"line":35,"column":61}}},"7":{"name":"(anonymous_7)","line":42,"loc":{"start":{"line":42,"column":33},"end":{"line":42,"column":55}}}},"statementMap":{"1":{"start":{"line":2,"column":0},"end":{"line":2,"column":32}},"2":{"start":{"line":5,"column":0},"end":{"line":5,"column":46}},"3":{"start":{"line":7,"column":0},"end":{"line":7,"column":23}},"4":{"start":{"line":10,"column":0},"end":{"line":12,"column":1}},"5":{"start":{"line":15,"column":0},"end":{"line":18,"column":2}},"6":{"start":{"line":17,"column":1},"end":{"line":17,"column":45}},"7":{"start":{"line":20,"column":0},"end":{"line":25,"column":2}},"8":{"start":{"line":22,"column":1},"end":{"line":24,"column":4}},"9":{"start":{"line":23,"column":2},"end":{"line":23,"column":23}},"10":{"start":{"line":27,"column":0},"end":{"line":33,"column":2}},"11":{"start":{"line":30,"column":1},"end":{"line":30,"column":27}},"12":{"start":{"line":32,"column":1},"end":{"line":32,"column":53}},"13":{"start":{"line":35,"column":0},"end":{"line":40,"column":2}},"14":{"start":{"line":37,"column":1},"end":{"line":37,"column":27}},"15":{"start":{"line":39,"column":1},"end":{"line":39,"column":58}},"16":{"start":{"line":42,"column":0},"end":{"line":47,"column":2}},"17":{"start":{"line":44,"column":1},"end":{"line":44,"column":27}},"18":{"start":{"line":46,"column":1},"end":{"line":46,"column":52}},"19":{"start":{"line":49,"column":0},"end":{"line":49,"column":37}}},"branchMap":{}},"/vagrant/vitrine/db/mongo.js":{"path":"/vagrant/vitrine/db/mongo.js","s":{"1":1,"2":1,"3":1,"4":0,"5":1},"b":{},"f":{"1":0},"fnMap":{"1":{"name":"(anonymous_1)","line":6,"loc":{"start":{"line":6,"column":15},"end":{"line":6,"column":28}}}},"statementMap":{"1":{"start":{"line":2,"column":0},"end":{"line":2,"column":33}},"2":{"start":{"line":5,"column":0},"end":{"line":5,"column":38}},"3":{"start":{"line":6,"column":0},"end":{"line":8,"column":3}},"4":{"start":{"line":7,"column":1},"end":{"line":7,"column":18}},"5":{"start":{"line":11,"column":0},"end":{"line":11,"column":20}}},"branchMap":{}}}