TN:
SF:/vagrant/vitrine/app.js
FN:35,(anonymous_1)
FN:39,(anonymous_2)
FN:46,(anonymous_3)
FNF:3
FNH:0
FNDA:0,(anonymous_1)
FNDA:0,(anonymous_2)
FNDA:0,(anonymous_3)
DA:2,1
DA:3,1
DA:4,1
DA:5,1
DA:6,1
DA:7,1
DA:10,1
DA:11,1
DA:12,1
DA:13,1
DA:16,1
DA:18,1
DA:21,1
DA:22,1
DA:23,1
DA:25,1
DA:27,1
DA:32,1
DA:35,1
DA:36,0
DA:39,1
DA:40,0
DA:41,0
DA:46,1
DA:48,0
DA:49,0
DA:51,0
DA:55,1
LF:28
LH:22
BRDA:25,1,0,1
BRDA:25,1,1,0
BRF:2
BRH:1
end_of_record
TN:
SF:/vagrant/vitrine/routes/index.js
FN:1,(anonymous_1)
FN:6,(anonymous_2)
FNF:2
FNH:1
FNDA:1,(anonymous_1)
FNDA:0,(anonymous_2)
DA:1,1
DA:2,1
DA:3,1
DA:6,1
DA:7,0
DA:17,1
DA:19,1
LF:7
LH:6
BRF:0
BRH:0
end_of_record
TN:
SF:/vagrant/vitrine/routes/products.js
FNF:0
FNH:0
DA:1,1
DA:2,1
DA:3,1
DA:7,1
DA:8,1
DA:10,1
DA:11,1
DA:12,1
DA:14,1
LF:9
LH:9
BRF:0
BRH:0
end_of_record
TN:
SF:/vagrant/vitrine/controllers/ProductsController.js
FN:9,ProductsController
FN:14,(anonymous_2)
FN:17,(anonymous_3)
FN:23,(anonymous_4)
FN:28,(anonymous_5)
FN:34,(anonymous_6)
FN:40,(anonymous_7)
FN:46,(anonymous_8)
FN:51,(anonymous_9)
FN:57,(anonymous_10)
FN:61,(anonymous_11)
FNF:11
FNH:10
FNDA:1,ProductsController
FNDA:1,(anonymous_2)
FNDA:1,(anonymous_3)
FNDA:1,(anonymous_4)
FNDA:1,(anonymous_5)
FNDA:1,(anonymous_6)
FNDA:1,(anonymous_7)
FNDA:1,(anonymous_8)
FNDA:1,(anonymous_9)
FNDA:1,(anonymous_10)
FNDA:0,(anonymous_11)
DA:2,1
DA:4,1
DA:6,1
DA:9,1
DA:11,1
DA:14,1
DA:17,1
DA:18,1
DA:23,1
DA:25,1
DA:28,1
DA:29,1
DA:34,1
DA:37,1
DA:40,1
DA:41,1
DA:46,1
DA:48,1
DA:49,1
DA:51,1
DA:52,1
DA:57,1
DA:59,1
DA:61,1
DA:62,0
DA:67,1
LF:26
LH:25
BRF:0
BRH:0
end_of_record
TN:
SF:/vagrant/vitrine/models/ProductsModel.js
FN:10,ProductsModel
FN:15,(anonymous_2)
FN:20,(anonymous_3)
FN:22,(anonymous_4)
FN:27,(anonymous_5)
FN:35,(anonymous_6)
FN:42,(anonymous_7)
FNF:7
FNH:7
FNDA:1,ProductsModel
FNDA:1,(anonymous_2)
FNDA:1,(anonymous_3)
FNDA:1,(anonymous_4)
FNDA:1,(anonymous_5)
FNDA:1,(anonymous_6)
FNDA:1,(anonymous_7)
DA:2,1
DA:5,1
DA:7,1
DA:10,1
DA:15,1
DA:17,1
DA:20,1
DA:22,1
DA:23,1
DA:27,1
DA:30,1
DA:32,1
DA:35,1
DA:37,1
DA:39,1
DA:42,1
DA:44,1
DA:46,1
DA:49,1
LF:19
LH:19
BRF:0
BRH:0
end_of_record
TN:
SF:/vagrant/vitrine/db/mongo.js
FN:6,(anonymous_1)
FNF:1
FNH:0
FNDA:0,(anonymous_1)
DA:2,1
DA:5,1
DA:6,1
DA:7,0
DA:11,1
LF:5
LH:4
BRF:0
BRH:0
end_of_record
