TN:
SF:/vagrant/vitrine/app.js
FN:28,(anonymous_1)
FN:32,(anonymous_2)
FN:39,(anonymous_3)
FNF:3
FNH:0
FNDA:0,(anonymous_1)
FNDA:0,(anonymous_2)
FNDA:0,(anonymous_3)
DA:2,1
DA:3,1
DA:4,1
DA:5,1
DA:8,1
DA:9,1
DA:10,1
DA:11,1
DA:14,1
DA:16,1
DA:24,1
DA:28,1
DA:29,0
DA:32,1
DA:33,0
DA:34,0
DA:39,1
DA:41,0
DA:42,0
DA:44,0
DA:48,1
LF:21
LH:15
BRF:0
BRH:0
end_of_record
TN:
SF:/vagrant/vitrine/routes/index.js
FN:1,(anonymous_1)
FN:6,(anonymous_2)
FNF:2
FNH:1
FNDA:1,(anonymous_1)
FNDA:0,(anonymous_2)
DA:1,1
DA:2,1
DA:3,1
DA:6,1
DA:7,0
DA:11,1
DA:13,1
LF:7
LH:6
BRF:0
BRH:0
end_of_record
TN:
SF:/vagrant/vitrine/routes/products.js
FNF:0
FNH:0
DA:1,1
DA:2,1
DA:3,1
DA:7,1
DA:8,1
DA:10,1
DA:11,1
DA:12,1
DA:14,1
LF:9
LH:9
BRF:0
BRH:0
end_of_record
TN:
SF:/vagrant/vitrine/controllers/ProductsController.js
FN:4,ProductsController
FN:8,(anonymous_2)
FN:11,(anonymous_3)
FN:21,(anonymous_4)
FN:26,(anonymous_5)
FN:36,(anonymous_6)
FN:42,(anonymous_7)
FN:52,(anonymous_8)
FN:56,(anonymous_9)
FN:66,(anonymous_10)
FN:68,(anonymous_11)
FNF:11
FNH:3
FNDA:1,ProductsController
FNDA:0,(anonymous_2)
FNDA:0,(anonymous_3)
FNDA:0,(anonymous_4)
FNDA:0,(anonymous_5)
FNDA:0,(anonymous_6)
FNDA:0,(anonymous_7)
FNDA:1,(anonymous_8)
FNDA:1,(anonymous_9)
FNDA:0,(anonymous_10)
FNDA:0,(anonymous_11)
DA:1,1
DA:4,1
DA:8,1
DA:11,0
DA:13,0
DA:14,0
DA:17,0
DA:21,1
DA:23,0
DA:26,0
DA:28,0
DA:29,0
DA:32,0
DA:36,1
DA:39,0
DA:42,0
DA:44,0
DA:45,0
DA:48,0
DA:52,1
DA:54,1
DA:55,1
DA:56,1
DA:58,1
DA:59,0
DA:62,1
DA:66,1
DA:68,0
DA:70,0
DA:71,0
DA:74,0
DA:78,1
LF:32
LH:13
BRDA:13,1,0,0
BRDA:13,1,1,0
BRDA:28,2,0,0
BRDA:28,2,1,0
BRDA:44,3,0,0
BRDA:44,3,1,0
BRDA:58,4,0,0
BRDA:58,4,1,1
BRDA:70,5,0,0
BRDA:70,5,1,0
BRF:10
BRH:1
end_of_record
TN:
SF:/vagrant/vitrine/db/mongo.js
FN:6,(anonymous_1)
FNF:1
FNH:0
FNDA:0,(anonymous_1)
DA:2,1
DA:5,1
DA:6,1
DA:7,0
DA:11,1
LF:5
LH:4
BRF:0
BRH:0
end_of_record
